#
# There is insufficient memory for the Java Runtime Environment to continue.
# Native memory allocation (mmap) failed to map 65536 bytes. Error detail: Failed to commit metaspace.
# Possible reasons:
#   The system is out of physical RAM or swap space
#   This process is running with CompressedOops enabled, and the Java Heap may be blocking the growth of the native heap
# Possible solutions:
#   Reduce memory load on the system
#   Increase physical memory or swap space
#   Check if swap backing store is full
#   Decrease Java heap size (-Xmx/-Xms)
#   Decrease number of Java threads
#   Decrease Java thread stack sizes (-Xss)
#   Set larger code cache with -XX:ReservedCodeCacheSize=
#   JVM is running with Unscaled Compressed Oops mode in which the Java heap is
#     placed in the first 4GB address space. The Java Heap base address is the
#     maximum limit for the native heap growth. Please use -XX:HeapBaseMinAddress
#     to set the Java Heap base and to place the Java Heap above 4GB virtual address.
# This output file may be truncated or incomplete.
#
#  Out of Memory Error (virtualSpaceNode.cpp:113), pid=33428, tid=32092
#
# JRE version: OpenJDK Runtime Environment Temurin-21.0.10+7 (21.0.10+7) (build 21.0.10+7-LTS)
# Java VM: OpenJDK 64-Bit Server VM Temurin-21.0.10+7 (21.0.10+7-LTS, mixed mode, sharing, tiered, compressed oops, compressed class ptrs, parallel gc, windows-amd64)
# No core dump will be written. Minidumps are not enabled by default on client versions of Windows
#

---------------  S U M M A R Y ------------

Command Line: --add-modules=ALL-SYSTEM --add-opens=java.base/java.util=ALL-UNNAMED --add-opens=java.base/java.lang=ALL-UNNAMED --add-opens=java.base/sun.nio.fs=ALL-UNNAMED -Declipse.application=org.eclipse.jdt.ls.core.id1 -Dosgi.bundles.defaultStartLevel=4 -Declipse.product=org.eclipse.jdt.ls.core.product -Djava.import.generatesMetadataFilesAtProjectRoot=false -DDetectVMInstallationsJob.disabled=true -Dfile.encoding=utf8 -XX:+UseParallelGC -XX:GCTimeRatio=4 -XX:AdaptiveSizePolicyWeight=90 -Dsun.zip.disableMemoryMapping=true -Xmx2G -Xms100m -Xlog:disable -javaagent:c:\Users\abel_\.vscode\extensions\redhat.java-1.54.0-win32-x64\lombok\lombok-1.18.39-4050.jar -XX:+HeapDumpOnOutOfMemoryError -XX:HeapDumpPath=c:\Users\abel_\AppData\Roaming\Code\User\workspaceStorage\74f4b4b5ef0ec5087d450e6e09d003db\redhat.java -Daether.dependencyCollector.impl=bf c:\Users\abel_\.vscode\extensions\redhat.java-1.54.0-win32-x64\server\plugins\org.eclipse.equinox.launcher_1.7.100.v20251111-0406.jar -configuration c:\Users\abel_\AppData\Roaming\Code\User\globalStorage\redhat.java\1.54.0\config_win -data c:\Users\abel_\AppData\Roaming\Code\User\workspaceStorage\74f4b4b5ef0ec5087d450e6e09d003db\redhat.java\jdt_ws --pipe=\\.\pipe\lsp-671c605b5a929e1d0f20c8e88f10120f-sock

Host: AMD Ryzen 5 5600X 6-Core Processor             , 12 cores, 31G,  Windows 10 , 64 bit Build 19041 (10.0.19041.5915)
Time: Wed Apr 29 22:46:44 2026 Central Standard Time (Mexico) elapsed time: 0.368168 seconds (0d 0h 0m 0s)

---------------  T H R E A D  ---------------

Current thread (0x0000025a16da6590):  JavaThread "main"             [_thread_in_vm, id=32092, stack(0x000000aae3800000,0x000000aae3900000) (1024K)]

Stack: [0x000000aae3800000,0x000000aae3900000]
Native frames: (J=compiled Java code, j=interpreted, Vv=VM code, C=native code)
V  [jvm.dll+0x6d7a39]
V  [jvm.dll+0x8b4b26]
V  [jvm.dll+0x8b70de]
V  [jvm.dll+0x8b77c3]
V  [jvm.dll+0x284346]
V  [jvm.dll+0x8b086e]
V  [jvm.dll+0x679444]
V  [jvm.dll+0x1e82bb]
V  [jvm.dll+0x1e807e]
V  [jvm.dll+0x67bd42]
V  [jvm.dll+0x67bb72]
V  [jvm.dll+0x679e1e]
V  [jvm.dll+0x281217]
V  [jvm.dll+0x72dd4f]
V  [jvm.dll+0x72e88f]
V  [jvm.dll+0x3cc641]
V  [jvm.dll+0x3cb417]
V  [jvm.dll+0x3cb3b8]
V  [jvm.dll+0x3dce7a]
C  0x0000025a2385925f

The last pc belongs to new (printed below).
Java frames: (J=compiled Java code, j=interpreted, Vv=VM code)
j  lombok.eclipse.agent.EclipseLoaderPatcher.patchEquinoxLoaders(Llombok/patcher/ScriptManager;Ljava/lang/Class;)V+94
j  lombok.eclipse.agent.EclipsePatcher.registerPatchScripts(Ljava/lang/instrument/Instrumentation;ZLjava/lang/Class;)V+44
j  lombok.eclipse.agent.EclipsePatcher.runAgent(Ljava/lang/String;Ljava/lang/instrument/Instrumentation;ZLjava/lang/Class;)V+4
j  lombok.core.AgentLauncher.runAgents(Ljava/lang/String;Ljava/lang/instrument/Instrumentation;ZLjava/lang/Class;)V+62
j  java.lang.invoke.LambdaForm$DMH+0x0000025a31004800.invokeStatic(Ljava/lang/Object;Ljava/lang/Object;Ljava/lang/Object;ILjava/lang/Object;)V+16 java.base@21.0.10
j  java.lang.invoke.LambdaForm$MH+0x0000025a31008c00.invoke(Ljava/lang/Object;Ljava/lang/Object;Ljava/lang/Object;)Ljava/lang/Object;+124 java.base@21.0.10
j  java.lang.invoke.Invokers$Holder.invokeExact_MT(Ljava/lang/Object;Ljava/lang/Object;Ljava/lang/Object;Ljava/lang/Object;)Ljava/lang/Object;+20 java.base@21.0.10
j  jdk.internal.reflect.DirectMethodHandleAccessor.invokeImpl(Ljava/lang/Object;[Ljava/lang/Object;)Ljava/lang/Object;+104 java.base@21.0.10
j  jdk.internal.reflect.DirectMethodHandleAccessor.invoke(Ljava/lang/Object;[Ljava/lang/Object;)Ljava/lang/Object;+23 java.base@21.0.10
j  java.lang.reflect.Method.invoke(Ljava/lang/Object;[Ljava/lang/Object;)Ljava/lang/Object;+102 java.base@21.0.10
j  lombok.launch.Agent.runLauncher(Ljava/lang/String;Ljava/lang/instrument/Instrumentation;Z)V+73
j  lombok.launch.Agent.premain(Ljava/lang/String;Ljava/lang/instrument/Instrumentation;)V+3
j  java.lang.invoke.LambdaForm$DMH+0x0000025a31000c00.invokeStatic(Ljava/lang/Object;Ljava/lang/Object;Ljava/lang/Object;)V+11 java.base@21.0.10
j  java.lang.invoke.LambdaForm$MH+0x0000025a31002800.invoke(Ljava/lang/Object;Ljava/lang/Object;Ljava/lang/Object;Ljava/lang/Object;)Ljava/lang/Object;+54 java.base@21.0.10
j  java.lang.invoke.LambdaForm$MH+0x0000025a31002c00.invokeExact_MT(Ljava/lang/Object;Ljava/lang/Object;Ljava/lang/Object;Ljava/lang/Object;Ljava/lang/Object;)Ljava/lang/Object;+22 java.base@21.0.10
j  jdk.internal.reflect.DirectMethodHandleAccessor.invokeImpl(Ljava/lang/Object;[Ljava/lang/Object;)Ljava/lang/Object;+72 java.base@21.0.10
j  jdk.internal.reflect.DirectMethodHandleAccessor.invoke(Ljava/lang/Object;[Ljava/lang/Object;)Ljava/lang/Object;+23 java.base@21.0.10
j  java.lang.reflect.Method.invoke(Ljava/lang/Object;[Ljava/lang/Object;)Ljava/lang/Object;+102 java.base@21.0.10
j  sun.instrument.InstrumentationImpl.loadClassAndStartAgent(Ljava/lang/String;Ljava/lang/String;Ljava/lang/String;)V+165 java.instrument@21.0.10
j  sun.instrument.InstrumentationImpl.loadClassAndCallPremain(Ljava/lang/String;Ljava/lang/String;)V+6 java.instrument@21.0.10
v  ~StubRoutines::call_stub 0x0000025a2384100d
new  187 new  [0x0000025a238590e0, 0x0000025a238592e8]  520 bytes
[MachCode]
  0x0000025a238590e0: 4883 ec08 | c5fa 1104 | 24eb 1f48 | 83ec 10c5 | fb11 0424 | eb14 4883 | ec10 4889 | 0424 48c7 
  0x0000025a23859100: 4424 0800 | 0000 00eb | 0150 410f | b755 010f | cac1 ea10 | 488b 4de8 | 488b 4908 | 488b 4908 
  0x0000025a23859120: 488b 4108 | 807c 1004 | 070f 85d3 | 0000 0066 | 8b54 d148 | 488b 4928 | 488b 4cd1 | 0851 80b9 
  0x0000025a23859140: 3101 0000 | 040f 85b6 | 0000 008b | 5108 f6c2 | 010f 85aa | 0000 0049 | 8b87 b801 | 0000 488d 
  0x0000025a23859160: 1c10 493b | 9fc8 0100 | 000f 8792 | 0000 0049 | 899f b801 | 0000 4883 | ea10 0f84 | 0f00 0000 
  0x0000025a23859180: 33c9 c1ea | 0348 894c | d008 48ff | ca75 f648 | c700 0100 | 0000 5933 | f689 700c | 49ba 0000 
  0x0000025a238591a0: 0030 5a02 | 0000 492b | ca89 4808 | 49ba c75c | b151 f97f | 0000 4180 | 3a00 0f84 | 3c00 0000 
  0x0000025a238591c0: 5048 8bc8 | 4883 ec20 | 40f6 c40f | 0f84 1900 | 0000 4883 | ec08 48b8 | 90e1 5a51 | f97f 0000 
  0x0000025a238591e0: ffd0 4883 | c408 e90c | 0000 0048 | b890 e15a | 51f9 7f00 | 00ff d048 | 83c4 2058 | e9cb 0000 
  0x0000025a23859200: 0059 488b | 55e8 488b | 5208 488b | 5208 450f | b745 0141 | 0fc8 41c1 | e810 e805 | 0000 00e9 
  0x0000025a23859220: a800 0000 | 488d 4424 | 084c 896d | c049 8bcf | c5f8 7749 | 89af b003 | 0000 4989 | 87a0 0300 
  0x0000025a23859240: 0048 83ec | 2040 f6c4 | 0f0f 8419 | 0000 0048 | 83ec 0848 | b8f0 cd24 | 51f9 7f00 | 00ff d048 
  0x0000025a23859260: 83c4 08e9 | 0c00 0000 | 48b8 f0cd | 2451 f97f | 0000 ffd0 | 4883 c420 | 49c7 87a0 | 0300 0000 
  0x0000025a23859280: 0000 0049 | c787 b003 | 0000 0000 | 0000 49c7 | 87a8 0300 | 0000 0000 | 00c5 f877 | 4983 7f08 
  0x0000025a238592a0: 000f 8405 | 0000 00e9 | 547c feff | 498b 87f8 | 0300 0049 | c787 f803 | 0000 0000 | 0000 4c8b 
  0x0000025a238592c0: 6dc0 4c8b | 75c8 4e8d | 74f5 00c3 | 410f b65d | 0349 83c5 | 0349 ba10 | 25b4 51f9 | 7f00 0041 
  0x0000025a238592e0: ff24 da0f | 1f44 0000 
[/MachCode]

---------------  P R O C E S S  ---------------

Threads class SMR info:
_java_thread_list=0x0000025a72dae5c0, length=11, elements={
0x0000025a16da6590, 0x0000025a2fbb51e0, 0x0000025a2fbb62b0, 0x0000025a2fbb86b0,
0x0000025a2fbb95d0, 0x0000025a2fbbc5f0, 0x0000025a2fbbd250, 0x0000025a2fbbe2e0,
0x0000025a72bb3150, 0x0000025a72d98d60, 0x0000025a72e32cd0
}

Java Threads: ( => current thread )
=>0x0000025a16da6590 JavaThread "main"                              [_thread_in_vm, id=32092, stack(0x000000aae3800000,0x000000aae3900000) (1024K)]
  0x0000025a2fbb51e0 JavaThread "Reference Handler"          daemon [_thread_blocked, id=10112, stack(0x000000aae3c00000,0x000000aae3d00000) (1024K)]
  0x0000025a2fbb62b0 JavaThread "Finalizer"                  daemon [_thread_blocked, id=28056, stack(0x000000aae3d00000,0x000000aae3e00000) (1024K)]
  0x0000025a2fbb86b0 JavaThread "Signal Dispatcher"          daemon [_thread_blocked, id=3584, stack(0x000000aae3e00000,0x000000aae3f00000) (1024K)]
  0x0000025a2fbb95d0 JavaThread "Attach Listener"            daemon [_thread_blocked, id=14980, stack(0x000000aae3f00000,0x000000aae4000000) (1024K)]
  0x0000025a2fbbc5f0 JavaThread "Service Thread"             daemon [_thread_blocked, id=15588, stack(0x000000aae4000000,0x000000aae4100000) (1024K)]
  0x0000025a2fbbd250 JavaThread "Monitor Deflation Thread"   daemon [_thread_blocked, id=21036, stack(0x000000aae4100000,0x000000aae4200000) (1024K)]
  0x0000025a2fbbe2e0 JavaThread "C2 CompilerThread0"         daemon [_thread_blocked, id=2212, stack(0x000000aae4200000,0x000000aae4300000) (1024K)]
  0x0000025a72bb3150 JavaThread "C1 CompilerThread0"         daemon [_thread_blocked, id=17668, stack(0x000000aae4300000,0x000000aae4400000) (1024K)]
  0x0000025a72d98d60 JavaThread "Common-Cleaner"             daemon [_thread_blocked, id=10484, stack(0x000000aae4400000,0x000000aae4500000) (1024K)]
  0x0000025a72e32cd0 JavaThread "C2 CompilerThread1"         daemon [_thread_blocked, id=33316, stack(0x000000aae4500000,0x000000aae4600000) (1024K)]
Total: 11

Other Threads:
  0x0000025a2fba1b70 VMThread "VM Thread"                           [id=16096, stack(0x000000aae3b00000,0x000000aae3c00000) (1024K)]
  0x0000025a1916b8e0 WatcherThread "VM Periodic Task Thread"        [id=35884, stack(0x000000aae3a00000,0x000000aae3b00000) (1024K)]
  0x0000025a1911e7a0 WorkerThread "GC Thread#0"                     [id=10224, stack(0x000000aae3900000,0x000000aae3a00000) (1024K)]
Total: 3

Threads with active compile tasks:
Total: 0

VM state: not at safepoint (normal execution)

VM Mutex/Monitor currently owned by a thread:  ([mutex/lock_event])
[0x00007ff951b2c4e0] Metaspace_lock - owner thread: 0x0000025a16da6590

Heap address: 0x0000000080000000, size: 2048 MB, Compressed Oops mode: 32-bit

CDS archive(s) mapped at: [0x0000025a30000000-0x0000025a30ba0000-0x0000025a30ba0000), size 12189696, SharedBaseAddress: 0x0000025a30000000, ArchiveRelocationMode: 1.
Compressed class space mapped at: 0x0000025a31000000-0x0000025a71000000, reserved size: 1073741824
Narrow klass base: 0x0000025a30000000, Narrow klass shift: 0, Narrow klass range: 0x100000000

GC Precious Log:
 CardTable entry size: 512
 CPUs: 12 total, 12 available
 Memory: 32694M
 Large Page Support: Disabled
 NUMA Support: Disabled
 Compressed Oops: Enabled (32-bit)
 Alignments: Space 512K, Generation 512K, Heap 2M
 Heap Min Capacity: 100M
 Heap Initial Capacity: 100M
 Heap Max Capacity: 2G
 Pre-touch: Disabled
 Parallel Workers: 10

Heap:
 PSYoungGen      total 29696K, used 7506K [0x00000000d5580000, 0x00000000d7680000, 0x0000000100000000)
  eden space 25600K, 29% used [0x00000000d5580000,0x00000000d5cd4948,0x00000000d6e80000)
  from space 4096K, 0% used [0x00000000d7280000,0x00000000d7280000,0x00000000d7680000)
  to   space 4096K, 0% used [0x00000000d6e80000,0x00000000d6e80000,0x00000000d7280000)
 ParOldGen       total 68608K, used 0K [0x0000000080000000, 0x0000000084300000, 0x00000000d5580000)
  object space 68608K, 0% used [0x0000000080000000,0x0000000080000000,0x0000000084300000)
 Metaspace       used 976K, committed 1088K, reserved 1114112K
  class space    used 87K, committed 128K, reserved 1048576K

Card table byte_map: [0x0000025a18ae0000,0x0000025a18ef0000] _byte_map_base: 0x0000025a186e0000

Marking Bits: (ParMarkBitMap*) 0x00007ff951b33450
 Begin Bits: [0x0000025a2b5c0000, 0x0000025a2d5c0000)
 End Bits:   [0x0000025a2d5c0000, 0x0000025a2f5c0000)

Polling page: 0x0000025a188d0000

Metaspace:

Usage:
  Non-class:    889.50 KB used.
      Class:     87.12 KB used.
       Both:    976.62 KB used.

Virtual space:
  Non-class space:       64.00 MB reserved,     960.00 KB (  1%) committed,  1 nodes.
      Class space:        1.00 GB reserved,     128.00 KB ( <1%) committed,  1 nodes.
             Both:        1.06 GB reserved,       1.06 MB ( <1%) committed. 

Chunk freelists:
   Non-Class:  11.73 MB
       Class:  15.69 MB
        Both:  27.42 MB

MaxMetaspaceSize: unlimited
CompressedClassSpaceSize: 1.00 GB
Initial GC threshold: 21.00 MB
Current GC threshold: 21.00 MB
CDS: on
 - commit_granule_bytes: 65536.
 - commit_granule_words: 8192.
 - virtual_space_node_default_size: 8388608.
 - enlarge_chunks_in_place: 1.
 - use_allocation_guard: 0.


Internal statistics:

num_allocs_failed_limit: 0.
num_arena_births: 74.
num_arena_deaths: 0.
num_vsnodes_births: 2.
num_vsnodes_deaths: 0.
num_space_committed: 17.
num_space_uncommitted: 0.
num_chunks_returned_to_freelist: 0.
num_chunks_taken_from_freelist: 91.
num_chunk_merges: 0.
num_chunk_splits: 64.
num_chunks_enlarged: 40.
num_inconsistent_stats: 0.

CodeHeap 'non-profiled nmethods': size=120000Kb used=164Kb max_used=164Kb free=119835Kb
 bounds [0x0000025a23de0000, 0x0000025a24050000, 0x0000025a2b310000]
CodeHeap 'profiled nmethods': size=120000Kb used=662Kb max_used=662Kb free=119337Kb
 bounds [0x0000025a1c310000, 0x0000025a1c580000, 0x0000025a23840000]
CodeHeap 'non-nmethods': size=5760Kb used=1147Kb max_used=1162Kb free=4612Kb
 bounds [0x0000025a23840000, 0x0000025a23ab0000, 0x0000025a23de0000]
CodeCache: size=245760Kb, used=1973Kb, max_used=1988Kb, free=243784Kb
 total_blobs=890, nmethods=495, adapters=302, full_count=0
Compilation: enabled, stopped_count=0, restarted_count=0

Compilation events (20 events):
Event: 0.353 Thread 0x0000025a72e32cd0 nmethod 480 0x0000025a23e07110 code [0x0000025a23e072e0, 0x0000025a23e07870]
Event: 0.353 Thread 0x0000025a72e32cd0  487       4       java.io.WinNTFileSystem::isSlash (18 bytes)
Event: 0.353 Thread 0x0000025a72e32cd0 nmethod 487 0x0000025a23e07b90 code [0x0000025a23e07d20, 0x0000025a23e07dc0]
Event: 0.353 Thread 0x0000025a72bb3150  488       3       java.util.ArrayList$Itr::hasNext (20 bytes)
Event: 0.353 Thread 0x0000025a72bb3150 nmethod 488 0x0000025a1c3b3990 code [0x0000025a1c3b3b40, 0x0000025a1c3b3cb0]
Event: 0.354 Thread 0x0000025a2fbbe2e0 nmethod 482 0x0000025a23e07e90 code [0x0000025a23e08060, 0x0000025a23e085e0]
Event: 0.362 Thread 0x0000025a72bb3150  489       3       java.net.URI$Parser::checkChars (44 bytes)
Event: 0.362 Thread 0x0000025a72e32cd0  490       4       jdk.internal.jimage.ImageLocation::readValue (61 bytes)
Event: 0.362 Thread 0x0000025a72bb3150 nmethod 489 0x0000025a1c3b3d90 code [0x0000025a1c3b3fc0, 0x0000025a1c3b4598]
Event: 0.363 Thread 0x0000025a72bb3150  491       1       java.net.URI::getScheme (5 bytes)
Event: 0.363 Thread 0x0000025a72bb3150 nmethod 491 0x0000025a23e08890 code [0x0000025a23e08a20, 0x0000025a23e08ae8]
Event: 0.364 Thread 0x0000025a72bb3150  492   !   3       java.lang.invoke.MemberName$Factory::resolve (159 bytes)
Event: 0.364 Thread 0x0000025a72bb3150 nmethod 492 0x0000025a1c3b4890 code [0x0000025a1c3b4ac0, 0x0000025a1c3b5140]
Event: 0.364 Thread 0x0000025a72e32cd0 nmethod 490 0x0000025a23e08b90 code [0x0000025a23e08d20, 0x0000025a23e08ee8]
Event: 0.365 Thread 0x0000025a72bb3150  493       3       java.util.regex.Pattern::has (15 bytes)
Event: 0.365 Thread 0x0000025a72bb3150 nmethod 493 0x0000025a1c3b5410 code [0x0000025a1c3b55a0, 0x0000025a1c3b5708]
Event: 0.366 Thread 0x0000025a72bb3150  494       3       java.io.WinNTFileSystem::isLetter (30 bytes)
Event: 0.366 Thread 0x0000025a72bb3150 nmethod 494 0x0000025a1c3b5790 code [0x0000025a1c3b5940, 0x0000025a1c3b5b30]
Event: 0.367 Thread 0x0000025a72bb3150  495       1       java.security.ProtectionDomain::getCodeSource (5 bytes)
Event: 0.367 Thread 0x0000025a72bb3150 nmethod 495 0x0000025a23e09010 code [0x0000025a23e091a0, 0x0000025a23e09268]

GC Heap History (0 events):
No events

Dll operation events (8 events):
Event: 0.084 Loaded shared library c:\Users\abel_\.vscode\extensions\redhat.java-1.54.0-win32-x64\jre\21.0.10-win32-x86_64\bin\java.dll
Event: 0.153 Loaded shared library c:\Users\abel_\.vscode\extensions\redhat.java-1.54.0-win32-x64\jre\21.0.10-win32-x86_64\bin\zip.dll
Event: 0.174 Loaded shared library C:\Users\abel_\.vscode\extensions\redhat.java-1.54.0-win32-x64\jre\21.0.10-win32-x86_64\bin\instrument.dll
Event: 0.179 Loaded shared library C:\Users\abel_\.vscode\extensions\redhat.java-1.54.0-win32-x64\jre\21.0.10-win32-x86_64\bin\net.dll
Event: 0.181 Loaded shared library C:\Users\abel_\.vscode\extensions\redhat.java-1.54.0-win32-x64\jre\21.0.10-win32-x86_64\bin\nio.dll
Event: 0.183 Loaded shared library C:\Users\abel_\.vscode\extensions\redhat.java-1.54.0-win32-x64\jre\21.0.10-win32-x86_64\bin\zip.dll
Event: 0.204 Loaded shared library C:\Users\abel_\.vscode\extensions\redhat.java-1.54.0-win32-x64\jre\21.0.10-win32-x86_64\bin\jimage.dll
Event: 0.320 Loaded shared library c:\Users\abel_\.vscode\extensions\redhat.java-1.54.0-win32-x64\jre\21.0.10-win32-x86_64\bin\verify.dll

Deoptimization events (18 events):
Event: 0.187 Thread 0x0000025a16da6590 Uncommon trap: trap_request=0xffffffde fr.pc=0x0000025a23df0514 relative=0x0000000000000754
Event: 0.187 Thread 0x0000025a16da6590 Uncommon trap: reason=class_check action=maybe_recompile pc=0x0000025a23df0514 method=java.util.HashMap.putVal(ILjava/lang/Object;Ljava/lang/Object;ZZ)Ljava/lang/Object; @ 152 c2
Event: 0.187 Thread 0x0000025a16da6590 DEOPT PACKING pc=0x0000025a23df0514 sp=0x000000aae38fe330
Event: 0.187 Thread 0x0000025a16da6590 DEOPT UNPACKING pc=0x0000025a23893aa2 sp=0x000000aae38fe290 mode 2
Event: 0.187 Thread 0x0000025a16da6590 Uncommon trap: trap_request=0xffffffde fr.pc=0x0000025a23df0514 relative=0x0000000000000754
Event: 0.187 Thread 0x0000025a16da6590 Uncommon trap: reason=class_check action=maybe_recompile pc=0x0000025a23df0514 method=java.util.HashMap.putVal(ILjava/lang/Object;Ljava/lang/Object;ZZ)Ljava/lang/Object; @ 152 c2
Event: 0.187 Thread 0x0000025a16da6590 DEOPT PACKING pc=0x0000025a23df0514 sp=0x000000aae38fe330
Event: 0.187 Thread 0x0000025a16da6590 DEOPT UNPACKING pc=0x0000025a23893aa2 sp=0x000000aae38fe290 mode 2
Event: 0.211 Thread 0x0000025a16da6590 DEOPT PACKING pc=0x0000025a1c349a49 sp=0x000000aae38fe110
Event: 0.211 Thread 0x0000025a16da6590 DEOPT UNPACKING pc=0x0000025a23894242 sp=0x000000aae38fd598 mode 0
Event: 0.211 Thread 0x0000025a16da6590 DEOPT PACKING pc=0x0000025a1c349a49 sp=0x000000aae38fe110
Event: 0.211 Thread 0x0000025a16da6590 DEOPT UNPACKING pc=0x0000025a23894242 sp=0x000000aae38fd598 mode 0
Event: 0.212 Thread 0x0000025a16da6590 DEOPT PACKING pc=0x0000025a1c349a49 sp=0x000000aae38fe110
Event: 0.212 Thread 0x0000025a16da6590 DEOPT UNPACKING pc=0x0000025a23894242 sp=0x000000aae38fd598 mode 0
Event: 0.212 Thread 0x0000025a16da6590 DEOPT PACKING pc=0x0000025a1c349a49 sp=0x000000aae38fe110
Event: 0.212 Thread 0x0000025a16da6590 DEOPT UNPACKING pc=0x0000025a23894242 sp=0x000000aae38fd598 mode 0
Event: 0.213 Thread 0x0000025a16da6590 DEOPT PACKING pc=0x0000025a1c349a49 sp=0x000000aae38fe110
Event: 0.213 Thread 0x0000025a16da6590 DEOPT UNPACKING pc=0x0000025a23894242 sp=0x000000aae38fd598 mode 0

Classes loaded (20 events):
Event: 0.321 Loading class java/lang/IllegalAccessException
Event: 0.321 Loading class java/lang/IllegalAccessException done
Event: 0.324 Loading class java/lang/IllegalStateException
Event: 0.324 Loading class java/lang/IllegalStateException done
Event: 0.327 Loading class java/lang/instrument/ClassFileTransformer
Event: 0.327 Loading class java/lang/instrument/ClassFileTransformer done
Event: 0.329 Loading class java/lang/UnsupportedOperationException
Event: 0.329 Loading class java/lang/UnsupportedOperationException done
Event: 0.337 Loading class java/lang/instrument/UnmodifiableClassException
Event: 0.337 Loading class java/lang/instrument/UnmodifiableClassException done
Event: 0.337 Loading class java/lang/instrument/ClassDefinition
Event: 0.337 Loading class java/lang/instrument/ClassDefinition done
Event: 0.341 Loading class java/lang/invoke/WrongMethodTypeException
Event: 0.341 Loading class java/lang/invoke/WrongMethodTypeException done
Event: 0.348 Loading class java/net/URLClassLoader
Event: 0.348 Loading class java/net/URLClassLoader done
Event: 0.365 Loading class java/util/regex/Pattern$Loop
Event: 0.365 Loading class java/util/regex/Pattern$Loop done
Event: 0.365 Loading class java/util/regex/Pattern$Prolog
Event: 0.365 Loading class java/util/regex/Pattern$Prolog done

Classes unloaded (0 events):
No events

Classes redefined (0 events):
No events

Internal exceptions (11 events):
Event: 0.146 Thread 0x0000025a16da6590 Exception <a 'java/lang/NoSuchMethodError'{0x00000000d57a9290}: 'void java.lang.invoke.DirectMethodHandle$Holder.invokeStatic(java.lang.Object, java.lang.Object, java.lang.Object)'> (0x00000000d57a9290) 
thrown [s\src\hotspot\share\interpreter\linkResolver.cpp, line 773]
Event: 0.196 Thread 0x0000025a16da6590 Exception <a 'java/lang/NoSuchMethodError'{0x00000000d5911cd0}: 'java.lang.Object java.lang.invoke.Invokers$Holder.invokeExact_MT(java.lang.Object, java.lang.Object, java.lang.Object, java.lang.Object, java.lang.Object)'> (0x00000000d5911cd0) 
thrown [s\src\hotspot\share\interpreter\linkResolver.cpp, line 773]
Event: 0.238 Thread 0x0000025a16da6590 Exception <a 'java/lang/NoSuchMethodError'{0x00000000d59ca2d0}: 'int java.lang.invoke.DirectMethodHandle$Holder.invokeSpecial(java.lang.Object, java.lang.Object, java.lang.Object, int)'> (0x00000000d59ca2d0) 
thrown [s\src\hotspot\share\interpreter\linkResolver.cpp, line 773]
Event: 0.240 Thread 0x0000025a16da6590 Exception <a 'java/lang/NoSuchMethodError'{0x00000000d59dccb8}: 'java.lang.Object java.lang.invoke.DirectMethodHandle$Holder.invokeStatic(java.lang.Object, java.lang.Object, java.lang.Object, java.lang.Object, int)'> (0x00000000d59dccb8) 
thrown [s\src\hotspot\share\interpreter\linkResolver.cpp, line 773]
Event: 0.242 Thread 0x0000025a16da6590 Exception <a 'java/lang/NoSuchMethodError'{0x00000000d59e8160}: 'void java.lang.invoke.DelegatingMethodHandle$Holder.reinvoke_L(java.lang.Object, java.lang.Object, java.lang.Object, int, java.lang.Object)'> (0x00000000d59e8160) 
thrown [s\src\hotspot\share\interpreter\linkResolver.cpp, line 773]
Event: 0.244 Thread 0x0000025a16da6590 Exception <a 'java/lang/NoSuchMethodError'{0x00000000d59f8c58}: 'int java.lang.invoke.DirectMethodHandle$Holder.invokeSpecial(java.lang.Object, java.lang.Object, java.lang.Object)'> (0x00000000d59f8c58) 
thrown [s\src\hotspot\share\interpreter\linkResolver.cpp, line 773]
Event: 0.246 Thread 0x0000025a16da6590 Exception <a 'java/lang/NoSuchMethodError'{0x00000000d5a04918}: 'java.lang.Object java.lang.invoke.DirectMethodHandle$Holder.invokeStatic(java.lang.Object, java.lang.Object, int)'> (0x00000000d5a04918) 
thrown [s\src\hotspot\share\interpreter\linkResolver.cpp, line 773]
Event: 0.246 Thread 0x0000025a16da6590 Exception <a 'java/lang/NoSuchMethodError'{0x00000000d5a09268}: 'void java.lang.invoke.DirectMethodHandle$Holder.invokeStatic(java.lang.Object, java.lang.Object, int, java.lang.Object)'> (0x00000000d5a09268) 
thrown [s\src\hotspot\share\interpreter\linkResolver.cpp, line 773]
Event: 0.247 Thread 0x0000025a16da6590 Exception <a 'java/lang/NoSuchMethodError'{0x00000000d5a0cdf8}: 'void java.lang.invoke.DirectMethodHandle$Holder.invokeSpecial(java.lang.Object, java.lang.Object, java.lang.Object, int, java.lang.Object)'> (0x00000000d5a0cdf8) 
thrown [s\src\hotspot\share\interpreter\linkResolver.cpp, line 773]
Event: 0.247 Thread 0x0000025a16da6590 Exception <a 'java/lang/NoSuchMethodError'{0x00000000d5a10268}: 'void java.lang.invoke.DelegatingMethodHandle$Holder.delegate(java.lang.Object, java.lang.Object, int, java.lang.Object)'> (0x00000000d5a10268) 
thrown [s\src\hotspot\share\interpreter\linkResolver.cpp, line 773]
Event: 0.339 Thread 0x0000025a16da6590 Exception <a 'java/lang/NoSuchMethodError'{0x00000000d5bcf2c0}: 'void java.lang.invoke.DelegatingMethodHandle$Holder.reinvoke_L(java.lang.Object, java.lang.Object, java.lang.Object, int)'> (0x00000000d5bcf2c0) 
thrown [s\src\hotspot\share\interpreter\linkResolver.cpp, line 773]

ZGC Phase Switch (0 events):
No events

VM Operations (4 events):
Event: 0.152 Executing non-safepoint VM operation: HandshakeAllThreads (Deoptimize)
Event: 0.152 Executing non-safepoint VM operation: HandshakeAllThreads (Deoptimize) done
Event: 0.220 Executing non-safepoint VM operation: HandshakeAllThreads (Deoptimize)
Event: 0.220 Executing non-safepoint VM operation: HandshakeAllThreads (Deoptimize) done

Memory protections (0 events):
No events

Nmethod flushes (0 events):
No events

Events (11 events):
Event: 0.097 Thread 0x0000025a16da6590 Thread added: 0x0000025a16da6590
Event: 0.112 Thread 0x0000025a16da6590 Thread added: 0x0000025a2fbb51e0
Event: 0.112 Thread 0x0000025a16da6590 Thread added: 0x0000025a2fbb62b0
Event: 0.113 Thread 0x0000025a16da6590 Thread added: 0x0000025a2fbb86b0
Event: 0.113 Thread 0x0000025a16da6590 Thread added: 0x0000025a2fbb95d0
Event: 0.113 Thread 0x0000025a16da6590 Thread added: 0x0000025a2fbbc5f0
Event: 0.113 Thread 0x0000025a16da6590 Thread added: 0x0000025a2fbbd250
Event: 0.113 Thread 0x0000025a16da6590 Thread added: 0x0000025a2fbbe2e0
Event: 0.113 Thread 0x0000025a16da6590 Thread added: 0x0000025a72bb3150
Event: 0.177 Thread 0x0000025a16da6590 Thread added: 0x0000025a72d98d60
Event: 0.269 Thread 0x0000025a72bb3150 Thread added: 0x0000025a72e32cd0


Dynamic libraries:
0x00007ff7922e0000 - 0x00007ff7922ee000 	c:\Users\abel_\.vscode\extensions\redhat.java-1.54.0-win32-x64\jre\21.0.10-win32-x86_64\bin\java.exe
0x00007ff9ca330000 - 0x00007ff9ca528000 	C:\WINDOWS\SYSTEM32\ntdll.dll
0x00007ff9c8940000 - 0x00007ff9c8a02000 	C:\WINDOWS\System32\KERNEL32.DLL
0x00007ff9c7c90000 - 0x00007ff9c7f86000 	C:\WINDOWS\System32\KERNELBASE.dll
0x00007ff9c79c0000 - 0x00007ff9c7ac0000 	C:\WINDOWS\System32\ucrtbase.dll
0x00007ff96bbb0000 - 0x00007ff96bbc8000 	c:\Users\abel_\.vscode\extensions\redhat.java-1.54.0-win32-x64\jre\21.0.10-win32-x86_64\bin\jli.dll
0x00007ff9671e0000 - 0x00007ff9671fe000 	c:\Users\abel_\.vscode\extensions\redhat.java-1.54.0-win32-x64\jre\21.0.10-win32-x86_64\bin\VCRUNTIME140.dll
0x00007ff9c91b0000 - 0x00007ff9c9351000 	C:\WINDOWS\System32\USER32.dll
0x00007ff9aa530000 - 0x00007ff9aa7cb000 	C:\WINDOWS\WinSxS\amd64_microsoft.windows.common-controls_6595b64144ccf1df_6.0.19041.6456_none_60b8a6cb71f64256\COMCTL32.dll
0x00007ff9c7f90000 - 0x00007ff9c7fb2000 	C:\WINDOWS\System32\win32u.dll
0x00007ff9c88a0000 - 0x00007ff9c893e000 	C:\WINDOWS\System32\msvcrt.dll
0x00007ff9c9980000 - 0x00007ff9c99ab000 	C:\WINDOWS\System32\GDI32.dll
0x00007ff9c7ac0000 - 0x00007ff9c7bd9000 	C:\WINDOWS\System32\gdi32full.dll
0x00007ff9c81b0000 - 0x00007ff9c824d000 	C:\WINDOWS\System32\msvcp_win.dll
0x00007ff9c8ad0000 - 0x00007ff9c8aff000 	C:\WINDOWS\System32\IMM32.DLL
0x00007ff99b040000 - 0x00007ff99b04c000 	c:\Users\abel_\.vscode\extensions\redhat.java-1.54.0-win32-x64\jre\21.0.10-win32-x86_64\bin\vcruntime140_1.dll
0x00007ff967150000 - 0x00007ff9671dd000 	c:\Users\abel_\.vscode\extensions\redhat.java-1.54.0-win32-x64\jre\21.0.10-win32-x86_64\bin\msvcp140.dll
0x00007ff950e70000 - 0x00007ff951c11000 	c:\Users\abel_\.vscode\extensions\redhat.java-1.54.0-win32-x64\jre\21.0.10-win32-x86_64\bin\server\jvm.dll
0x00007ff9ca190000 - 0x00007ff9ca241000 	C:\WINDOWS\System32\ADVAPI32.dll
0x00007ff9c98e0000 - 0x00007ff9c997f000 	C:\WINDOWS\System32\sechost.dll
0x00007ff9c83d0000 - 0x00007ff9c84f0000 	C:\WINDOWS\System32\RPCRT4.dll
0x00007ff9c7990000 - 0x00007ff9c79b7000 	C:\WINDOWS\System32\bcrypt.dll
0x00007ff9ca250000 - 0x00007ff9ca2bb000 	C:\WINDOWS\System32\WS2_32.dll
0x00007ff9c6e80000 - 0x00007ff9c6ecb000 	C:\WINDOWS\SYSTEM32\POWRPROF.dll
0x00007ff9b5fc0000 - 0x00007ff9b5fe7000 	C:\WINDOWS\SYSTEM32\WINMM.dll
0x00007ff9c1410000 - 0x00007ff9c141a000 	C:\WINDOWS\SYSTEM32\VERSION.dll
0x00007ff9c6d50000 - 0x00007ff9c6d62000 	C:\WINDOWS\SYSTEM32\UMPDC.dll
0x00007ff9c57e0000 - 0x00007ff9c57f2000 	C:\WINDOWS\SYSTEM32\kernel.appcore.dll
0x00007ff999470000 - 0x00007ff99947a000 	c:\Users\abel_\.vscode\extensions\redhat.java-1.54.0-win32-x64\jre\21.0.10-win32-x86_64\bin\jimage.dll
0x00007ff9b5630000 - 0x00007ff9b5831000 	C:\WINDOWS\SYSTEM32\DBGHELP.DLL
0x00007ff9a9110000 - 0x00007ff9a9144000 	C:\WINDOWS\SYSTEM32\dbgcore.DLL
0x00007ff9c7fc0000 - 0x00007ff9c8042000 	C:\WINDOWS\System32\bcryptPrimitives.dll
0x00007ff999400000 - 0x00007ff99940f000 	c:\Users\abel_\.vscode\extensions\redhat.java-1.54.0-win32-x64\jre\21.0.10-win32-x86_64\bin\instrument.dll
0x00007ff967130000 - 0x00007ff967150000 	c:\Users\abel_\.vscode\extensions\redhat.java-1.54.0-win32-x64\jre\21.0.10-win32-x86_64\bin\java.dll
0x00007ff9c99b0000 - 0x00007ff9ca120000 	C:\WINDOWS\System32\SHELL32.dll
0x00007ff9c59e0000 - 0x00007ff9c6185000 	C:\WINDOWS\SYSTEM32\windows.storage.dll
0x00007ff9c8dd0000 - 0x00007ff9c9124000 	C:\WINDOWS\System32\combase.dll
0x00007ff9c72e0000 - 0x00007ff9c730b000 	C:\WINDOWS\SYSTEM32\Wldp.dll
0x00007ff9c8c90000 - 0x00007ff9c8d5d000 	C:\WINDOWS\System32\OLEAUT32.dll
0x00007ff9c8320000 - 0x00007ff9c83cd000 	C:\WINDOWS\System32\SHCORE.dll
0x00007ff9c8b00000 - 0x00007ff9c8b5b000 	C:\WINDOWS\System32\shlwapi.dll
0x00007ff9c78c0000 - 0x00007ff9c78e4000 	C:\WINDOWS\SYSTEM32\profapi.dll
0x00007ff967110000 - 0x00007ff967128000 	c:\Users\abel_\.vscode\extensions\redhat.java-1.54.0-win32-x64\jre\21.0.10-win32-x86_64\bin\zip.dll
0x00007ff9991c0000 - 0x00007ff9991d0000 	C:\Users\abel_\.vscode\extensions\redhat.java-1.54.0-win32-x64\jre\21.0.10-win32-x86_64\bin\net.dll
0x00007ff9c25e0000 - 0x00007ff9c26ea000 	C:\WINDOWS\SYSTEM32\WINHTTP.dll
0x00007ff9c70c0000 - 0x00007ff9c712a000 	C:\WINDOWS\system32\mswsock.dll
0x00007ff9670f0000 - 0x00007ff967106000 	C:\Users\abel_\.vscode\extensions\redhat.java-1.54.0-win32-x64\jre\21.0.10-win32-x86_64\bin\nio.dll
0x00007ff995f10000 - 0x00007ff995f20000 	c:\Users\abel_\.vscode\extensions\redhat.java-1.54.0-win32-x64\jre\21.0.10-win32-x86_64\bin\verify.dll

JVMTI agents:
c:\Users\abel_\.vscode\extensions\redhat.java-1.54.0-win32-x64\lombok\lombok-1.18.39-4050.jar path:c:\Users\abel_\.vscode\extensions\redhat.java-1.54.0-win32-x64\jre\21.0.10-win32-x86_64\bin\instrument.dll, loaded, initialized, instrumentlib options:none

dbghelp: loaded successfully - version: 4.0.5 - missing functions: none
symbol engine: initialized successfully - sym options: 0x614 - pdb path: .;c:\Users\abel_\.vscode\extensions\redhat.java-1.54.0-win32-x64\jre\21.0.10-win32-x86_64\bin;C:\WINDOWS\SYSTEM32;C:\WINDOWS\WinSxS\amd64_microsoft.windows.common-controls_6595b64144ccf1df_6.0.19041.6456_none_60b8a6cb71f64256;c:\Users\abel_\.vscode\extensions\redhat.java-1.54.0-win32-x64\jre\21.0.10-win32-x86_64\bin\server

VM Arguments:
jvm_args: --add-modules=ALL-SYSTEM --add-opens=java.base/java.util=ALL-UNNAMED --add-opens=java.base/java.lang=ALL-UNNAMED --add-opens=java.base/sun.nio.fs=ALL-UNNAMED -Declipse.application=org.eclipse.jdt.ls.core.id1 -Dosgi.bundles.defaultStartLevel=4 -Declipse.product=org.eclipse.jdt.ls.core.product -Djava.import.generatesMetadataFilesAtProjectRoot=false -DDetectVMInstallationsJob.disabled=true -Dfile.encoding=utf8 -XX:+UseParallelGC -XX:GCTimeRatio=4 -XX:AdaptiveSizePolicyWeight=90 -Dsun.zip.disableMemoryMapping=true -Xmx2G -Xms100m -Xlog:disable -javaagent:c:\Users\abel_\.vscode\extensions\redhat.java-1.54.0-win32-x64\lombok\lombok-1.18.39-4050.jar -XX:+HeapDumpOnOutOfMemoryError -XX:HeapDumpPath=c:\Users\abel_\AppData\Roaming\Code\User\workspaceStorage\74f4b4b5ef0ec5087d450e6e09d003db\redhat.java -Daether.dependencyCollector.impl=bf 
java_command: c:\Users\abel_\.vscode\extensions\redhat.java-1.54.0-win32-x64\server\plugins\org.eclipse.equinox.launcher_1.7.100.v20251111-0406.jar -configuration c:\Users\abel_\AppData\Roaming\Code\User\globalStorage\redhat.java\1.54.0\config_win -data c:\Users\abel_\AppData\Roaming\Code\User\workspaceStorage\74f4b4b5ef0ec5087d450e6e09d003db\redhat.java\jdt_ws --pipe=\\.\pipe\lsp-671c605b5a929e1d0f20c8e88f10120f-sock
java_class_path (initial): c:\Users\abel_\.vscode\extensions\redhat.java-1.54.0-win32-x64\server\plugins\org.eclipse.equinox.launcher_1.7.100.v20251111-0406.jar
Launcher Type: SUN_STANDARD

[Global flags]
    uintx AdaptiveSizePolicyWeight                 = 90                                        {product} {command line}
     intx CICompilerCount                          = 4                                         {product} {ergonomic}
    uintx GCTimeRatio                              = 4                                         {product} {command line}
     bool HeapDumpOnOutOfMemoryError               = true                                   {manageable} {command line}
    ccstr HeapDumpPath                             = c:\Users\abel_\AppData\Roaming\Code\User\workspaceStorage\74f4b4b5ef0ec5087d450e6e09d003db\redhat.java         {manageable} {command line}
   size_t InitialHeapSize                          = 104857600                                 {product} {command line}
   size_t MaxHeapSize                              = 2147483648                                {product} {command line}
   size_t MaxNewSize                               = 715653120                                 {product} {ergonomic}
   size_t MinHeapDeltaBytes                        = 524288                                    {product} {ergonomic}
   size_t MinHeapSize                              = 104857600                                 {product} {command line}
   size_t NewSize                                  = 34603008                                  {product} {ergonomic}
    uintx NonNMethodCodeHeapSize                   = 5839372                                {pd product} {ergonomic}
    uintx NonProfiledCodeHeapSize                  = 122909434                              {pd product} {ergonomic}
   size_t OldSize                                  = 70254592                                  {product} {ergonomic}
    uintx ProfiledCodeHeapSize                     = 122909434                              {pd product} {ergonomic}
    uintx ReservedCodeCacheSize                    = 251658240                              {pd product} {ergonomic}
     bool SegmentedCodeCache                       = true                                      {product} {ergonomic}
   size_t SoftMaxHeapSize                          = 2147483648                             {manageable} {ergonomic}
     bool UseCompressedOops                        = true                           {product lp64_product} {ergonomic}
     bool UseLargePagesIndividualAllocation        = false                                  {pd product} {ergonomic}
     bool UseParallelGC                            = true                                      {product} {command line}

Logging:
Log output configuration:
 #0: stdout all=off uptime,level,tags foldmultilines=false
 #1: stderr all=off uptime,level,tags foldmultilines=false

Release file:
<release file has not been read>
Environment Variables:
JAVA_HOME=C:\Program Files\Java\jdk-17
PATH=C:\Program Files\Common Files\Oracle\Java\javapath;Z:\opt\WINDOWS.X64_193000_db_home\bin;C:\WINDOWS\system32;C:\WINDOWS;C:\WINDOWS\System32\Wbem;C:\WINDOWS\System32\WindowsPowerShell\v1.0\;C:\WINDOWS\System32\OpenSSH\;C:\Program Files\Java\jdk-17\bin;C:\Program Files (x86)\NVIDIA Corporation\PhysX\Common;C:\Program Files\NVIDIA Corporation\NVIDIA app\NvDLISR;Z:\opt\apache-maven-3.9.9-bin\apache-maven-3.9.9\bin;C:\Users\abel_\Documents\wsdl\apache-cxf-4.1.0\apache-cxf-4.1.0\bin;C:\Program Files\dotnet\;C:\Program Files\nodejs\;C:\Program Files\Docker\Docker\resources\bin;C:\Program Files (x86)\cloudflared\;C:\Program Files\Git\cmd;C:\Program Files\Amazon\AWSCLIV2\;C:\Program Files\PuTTY\;C:\Users\abel_\AppData\Local\Microsoft\WindowsApps;C:\Program Files\heroku\bin;C:\Users\abel_\AppData\Local\Programs\Microsoft VS Code\bin;C:\Users\abel_\AppData\Roaming\npm;C:\Users\abel_\AppData\Local\Microsoft\WinGet\Links;C:\Users\abel_\AppData\Local\Microsoft\WinGet\Packages\cURL.cURL_Microsoft.Winget.Source_8wekyb3d8bbwe\curl-8.19.0_6-win64-mingw\bin
USERNAME=abel_
OS=Windows_NT
PROCESSOR_IDENTIFIER=AMD64 Family 25 Model 33 Stepping 0, AuthenticAMD
TMP=C:\Users\abel_\AppData\Local\Temp
TEMP=C:\Users\abel_\AppData\Local\Temp




Periodic native trim disabled

---------------  S Y S T E M  ---------------

OS:
 Windows 10 , 64 bit Build 19041 (10.0.19041.5915)
OS uptime: 1 days 3:43 hours
Hyper-V role detected

CPU: total 12 (initial active 12) (12 cores per cpu, 2 threads per core) family 25 model 33 stepping 0 microcode 0x0, cx8, cmov, fxsr, ht, mmx, 3dnowpref, sse, sse2, sse3, ssse3, sse4a, sse4.1, sse4.2, popcnt, lzcnt, tsc, tscinvbit, avx, avx2, aes, clmul, bmi1, bmi2, adx, sha, fma, vzeroupper, clflush, clflushopt, hv, rdtscp, rdpid, f16c, cet_ss
Processor Information for the first 12 processors :
  Max Mhz: 3701, Current Mhz: 3701, Mhz Limit: 3701

Memory: 4k page, system-wide physical 32694M (1136M free)
TotalPageFile size 63140M (AvailPageFile size 11M)
current process WorkingSet (physical memory assigned to process): 42M, peak: 42M
current process commit charge ("private bytes"): 230M, peak: 230M

vm_info: OpenJDK 64-Bit Server VM (21.0.10+7-LTS) for windows-amd64 JRE (21.0.10+7-LTS), built on 2026-01-20T00:00:00Z by "admin" with MS VC++ 17.12 (VS2022)

END.
